<html>
<head>
<title>TestNG:  Default test</title>
<link href="../testng.css" rel="stylesheet" type="text/css" />
<link href="../my-testng.css" rel="stylesheet" type="text/css" />

<style type="text/css">
.log { display: none;} 
.stack-trace { display: none;} 
</style>
<script type="text/javascript">
<!--
function flip(e) {
  current = e.style.display;
  if (current == 'block') {
    e.style.display = 'none';
    return 0;
  }
  else {
    e.style.display = 'block';
    return 1;
  }
}

function toggleBox(szDivId, elem, msg1, msg2)
{
  var res = -1;  if (document.getElementById) {
    res = flip(document.getElementById(szDivId));
  }
  else if (document.all) {
    // this is the way old msie versions work
    res = flip(document.all[szDivId]);
  }
  if(elem) {
    if(res == 0) elem.innerHTML = msg1; else elem.innerHTML = msg2;
  }

}

function toggleAllBoxes() {
  if (document.getElementsByTagName) {
    d = document.getElementsByTagName('div');
    for (i = 0; i < d.length; i++) {
      if (d[i].className == 'log') {
        flip(d[i]);
      }
    }
  }
}

// -->
</script>

</head>
<body>
<h2 align='center'>Default test</h2><table border='1' align="center">
<tr>
<td>Tests passed/Failed/Skipped:</td><td>11/1/0</td>
</tr><tr>
<td>Started on:</td><td>Thu Feb 15 14:13:54 PST 2024</td>
</tr>
<tr><td>Total time:</td><td>11 seconds (11171 ms)</td>
</tr><tr>
<td>Included groups:</td><td></td>
</tr><tr>
<td>Excluded groups:</td><td></td>
</tr>
</table><p/>
<small><i>(Hover the method name to see the test class name)</i></small><p/>
<table width='100%' border='1' class='invocation-failed'>
<tr><td colspan='4' align='center'><b>FAILED TESTS</b></td></tr>
<tr><td><b>Test method</b></td>
<td><b>Attribute(s)</b></td>
<td width="30%"><b>Exception</b></td>
<td width="10%"><b>Time (seconds)</b></td>
<td><b>Instance</b></td>
</tr>
<tr>
<td title='runner.TestRunner_TestNg.runScenario()'><b>runScenario</b><br>Test class: runner.TestRunner_TestNg<br>Test method: Runs Cucumber Scenarios<br>Parameters: "The user gets error message for existing username", "Validating Register page"</td>
<td><div><pre>java.lang.AssertionError: expected [Username already exists] but found [password_mismatch:The two password fields didn’t match.]
	at org.testng.Assert.fail(Assert.java:111)
	at org.testng.Assert.failNotEquals(Assert.java:1578)
	at org.testng.Assert.assertEqualsImpl(Assert.java:150)
	at org.testng.Assert.assertEquals(Assert.java:132)
	at org.testng.Assert.assertEquals(Assert.java:656)
	at org.testng.Assert.assertEquals(Assert.java:666)
	at stepdefinition.RegisterPageSteps.it_should_display_error_message_as(RegisterPageSteps.java:182)
	at ✽.It should display error message as &quot;Username already exists&quot;(file:///C:/Users/balbi/git/NumpyNinjaDSAlgo/src/test/resources/features/Register.feature:94)
</pre></div><a href='#' onClick='toggleBox("stack-trace2147267122", this, "Click to show all stack frames", "Click to hide stack frames")'>Click to show all stack frames</a>
<div class='stack-trace' id='stack-trace2147267122'><pre>java.lang.AssertionError: expected [Username already exists] but found [password_mismatch:The two password fields didn’t match.]
	at org.testng.Assert.fail(Assert.java:111)
	at org.testng.Assert.failNotEquals(Assert.java:1578)
	at org.testng.Assert.assertEqualsImpl(Assert.java:150)
	at org.testng.Assert.assertEquals(Assert.java:132)
	at org.testng.Assert.assertEquals(Assert.java:656)
	at org.testng.Assert.assertEquals(Assert.java:666)
	at stepdefinition.RegisterPageSteps.it_should_display_error_message_as(RegisterPageSteps.java:182)
	at ✽.It should display error message as &quot;Username already exists&quot;(file:///C:/Users/balbi/git/NumpyNinjaDSAlgo/src/test/resources/features/Register.feature:94)
</pre></div></td>
<td>0</td>
<td>runner.TestRunner_TestNg@ba54932</td></tr>
</table><p>
<table width='100%' border='1' class='invocation-passed'>
<tr><td colspan='4' align='center'><b>PASSED TESTS</b></td></tr>
<tr><td><b>Test method</b></td>
<td><b>Attribute(s)</b></td>
<td width="30%"><b>Exception</b></td>
<td width="10%"><b>Time (seconds)</b></td>
<td><b>Instance</b></td>
</tr>
<tr>
<td title='runner.TestRunner_TestNg.runScenario()'><b>runScenario</b><br>Test class: runner.TestRunner_TestNg<br>Test method: Runs Cucumber Scenarios<br>Parameters: "The user gets error message for password with only numbers", "Validating Register page"</td>
<td></td>
<td>0</td>
<td>runner.TestRunner_TestNg@ba54932</td></tr>
<tr>
<td title='runner.TestRunner_TestNg.runScenario()'><b>runScenario</b><br>Test class: runner.TestRunner_TestNg<br>Test method: Runs Cucumber Scenarios<br>Parameters: "The user gets error message for empty fields into Username textbox", "Validating Register page"</td>
<td></td>
<td>0</td>
<td>runner.TestRunner_TestNg@ba54932</td></tr>
<tr>
<td title='runner.TestRunner_TestNg.runScenario()'><b>runScenario</b><br>Test class: runner.TestRunner_TestNg<br>Test method: Runs Cucumber Scenarios<br>Parameters: "The user gets error message for password with characters less than eight", "Validating Register page"</td>
<td></td>
<td>0</td>
<td>runner.TestRunner_TestNg@ba54932</td></tr>
<tr>
<td title='runner.TestRunner_TestNg.runScenario()'><b>runScenario</b><br>Test class: runner.TestRunner_TestNg<br>Test method: Runs Cucumber Scenarios<br>Parameters: "The user gets error message for empty fields into Password textbox", "Validating Register page"</td>
<td></td>
<td>0</td>
<td>runner.TestRunner_TestNg@ba54932</td></tr>
<tr>
<td title='runner.TestRunner_TestNg.runScenario()'><b>runScenario</b><br>Test class: runner.TestRunner_TestNg<br>Test method: Runs Cucumber Scenarios<br>Parameters: "The user gets error message for empty fields into confirm Password textbox", "Validating Register page"</td>
<td></td>
<td>0</td>
<td>runner.TestRunner_TestNg@ba54932</td></tr>
<tr>
<td title='runner.TestRunner_TestNg.runScenario()'><b>runScenario</b><br>Test class: runner.TestRunner_TestNg<br>Test method: Runs Cucumber Scenarios<br>Parameters: "The user gets error message for invalid username", "Validating Register page"</td>
<td></td>
<td>0</td>
<td>runner.TestRunner_TestNg@ba54932</td></tr>
<tr>
<td title='runner.TestRunner_TestNg.runScenario()'><b>runScenario</b><br>Test class: runner.TestRunner_TestNg<br>Test method: Runs Cucumber Scenarios<br>Parameters: "The user redirected to Homepage with valid details", "Validating Register page"</td>
<td></td>
<td>0</td>
<td>runner.TestRunner_TestNg@ba54932</td></tr>
<tr>
<td title='runner.TestRunner_TestNg.runScenario()'><b>runScenario</b><br>Test class: runner.TestRunner_TestNg<br>Test method: Runs Cucumber Scenarios<br>Parameters: "The user gets error message for password mismatch", "Validating Register page"</td>
<td></td>
<td>0</td>
<td>runner.TestRunner_TestNg@ba54932</td></tr>
<tr>
<td title='runner.TestRunner_TestNg.runScenario()'><b>runScenario</b><br>Test class: runner.TestRunner_TestNg<br>Test method: Runs Cucumber Scenarios<br>Parameters: "User launch home page of an dsalgo project", "Validating Register page"</td>
<td></td>
<td>1</td>
<td>runner.TestRunner_TestNg@ba54932</td></tr>
<tr>
<td title='runner.TestRunner_TestNg.runScenario()'><b>runScenario</b><br>Test class: runner.TestRunner_TestNg<br>Test method: Runs Cucumber Scenarios<br>Parameters: "The user gets error message for commonly used password", "Validating Register page"</td>
<td></td>
<td>0</td>
<td>runner.TestRunner_TestNg@ba54932</td></tr>
<tr>
<td title='runner.TestRunner_TestNg.runScenario()'><b>runScenario</b><br>Test class: runner.TestRunner_TestNg<br>Test method: Runs Cucumber Scenarios<br>Parameters: "The user gets error message for password too similar to your other personal information", "Validating Register page"</td>
<td></td>
<td>0</td>
<td>runner.TestRunner_TestNg@ba54932</td></tr>
</table><p>
</body>
</html>