<?xml version="1.0" encoding="UTF-8"?>
<testng-results ignored="0" total="12" passed="11" failed="1" skipped="0">
  <reporter-output>
  </reporter-output>
  <suite started-at="2024-02-15T14:13:54 PST" name="Default suite" finished-at="2024-02-15T14:14:06 PST" duration-ms="11171">
    <groups>
      <group name="cucumber">
        <method signature="AbstractTestNGCucumberTests.runScenario(io.cucumber.testng.PickleWrapper,io.cucumber.testng.FeatureWrapper)[pri:0, instance:runner.TestRunner_TestNg@ba54932]" name="runScenario" class="io.cucumber.testng.AbstractTestNGCucumberTests"/>
      </group> <!-- cucumber -->
    </groups>
    <test started-at="2024-02-15T14:13:54 PST" name="Default test" finished-at="2024-02-15T14:14:06 PST" duration-ms="11171">
      <class name="runner.TestRunner_TestNg">
        <test-method is-config="true" signature="setUpClass(org.testng.ITestContext)[pri:0, instance:runner.TestRunner_TestNg@ba54932]" started-at="2024-02-15T14:13:54 PST" name="setUpClass" finished-at="2024-02-15T14:13:57 PST" duration-ms="2519" status="PASS">
          <params>
            <param index="0">
              <value>
                <![CDATA[org.testng.TestRunner@5d9d8ecf]]>
              </value>
            </param>
          </params>
          <reporter-output>
          </reporter-output>
        </test-method> <!-- setUpClass -->
        <test-method signature="runScenario(io.cucumber.testng.PickleWrapper,io.cucumber.testng.FeatureWrapper)[pri:0, instance:runner.TestRunner_TestNg@ba54932]" started-at="2024-02-15T14:13:57 PST" name="runScenario" description="Runs Cucumber Scenarios" data-provider="scenarios" finished-at="2024-02-15T14:13:58 PST" duration-ms="1139" status="PASS">
          <params>
            <param index="0">
              <value>
                <![CDATA["User launch home page of an dsalgo project"]]>
              </value>
            </param>
            <param index="1">
              <value>
                <![CDATA["Validating Register page"]]>
              </value>
            </param>
          </params>
          <reporter-output>
          </reporter-output>
        </test-method> <!-- runScenario -->
        <test-method signature="runScenario(io.cucumber.testng.PickleWrapper,io.cucumber.testng.FeatureWrapper)[pri:0, instance:runner.TestRunner_TestNg@ba54932]" started-at="2024-02-15T14:13:58 PST" name="runScenario" description="Runs Cucumber Scenarios" data-provider="scenarios" finished-at="2024-02-15T14:13:58 PST" duration-ms="243" status="PASS">
          <params>
            <param index="0">
              <value>
                <![CDATA["The user gets error message for empty fields into Username textbox"]]>
              </value>
            </param>
            <param index="1">
              <value>
                <![CDATA["Validating Register page"]]>
              </value>
            </param>
          </params>
          <reporter-output>
          </reporter-output>
        </test-method> <!-- runScenario -->
        <test-method signature="runScenario(io.cucumber.testng.PickleWrapper,io.cucumber.testng.FeatureWrapper)[pri:0, instance:runner.TestRunner_TestNg@ba54932]" started-at="2024-02-15T14:13:58 PST" name="runScenario" description="Runs Cucumber Scenarios" data-provider="scenarios" finished-at="2024-02-15T14:13:59 PST" duration-ms="263" status="PASS">
          <params>
            <param index="0">
              <value>
                <![CDATA["The user gets error message for empty fields into Password textbox"]]>
              </value>
            </param>
            <param index="1">
              <value>
                <![CDATA["Validating Register page"]]>
              </value>
            </param>
          </params>
          <reporter-output>
          </reporter-output>
        </test-method> <!-- runScenario -->
        <test-method signature="runScenario(io.cucumber.testng.PickleWrapper,io.cucumber.testng.FeatureWrapper)[pri:0, instance:runner.TestRunner_TestNg@ba54932]" started-at="2024-02-15T14:13:59 PST" name="runScenario" description="Runs Cucumber Scenarios" data-provider="scenarios" finished-at="2024-02-15T14:13:59 PST" duration-ms="307" status="PASS">
          <params>
            <param index="0">
              <value>
                <![CDATA["The user gets error message for empty fields into confirm Password textbox"]]>
              </value>
            </param>
            <param index="1">
              <value>
                <![CDATA["Validating Register page"]]>
              </value>
            </param>
          </params>
          <reporter-output>
          </reporter-output>
        </test-method> <!-- runScenario -->
        <test-method signature="runScenario(io.cucumber.testng.PickleWrapper,io.cucumber.testng.FeatureWrapper)[pri:0, instance:runner.TestRunner_TestNg@ba54932]" started-at="2024-02-15T14:13:59 PST" name="runScenario" description="Runs Cucumber Scenarios" data-provider="scenarios" finished-at="2024-02-15T14:13:59 PST" duration-ms="480" status="PASS">
          <params>
            <param index="0">
              <value>
                <![CDATA["The user gets error message for invalid username"]]>
              </value>
            </param>
            <param index="1">
              <value>
                <![CDATA["Validating Register page"]]>
              </value>
            </param>
          </params>
          <reporter-output>
          </reporter-output>
        </test-method> <!-- runScenario -->
        <test-method signature="runScenario(io.cucumber.testng.PickleWrapper,io.cucumber.testng.FeatureWrapper)[pri:0, instance:runner.TestRunner_TestNg@ba54932]" started-at="2024-02-15T14:13:59 PST" name="runScenario" description="Runs Cucumber Scenarios" data-provider="scenarios" finished-at="2024-02-15T14:14:00 PST" duration-ms="466" status="PASS">
          <params>
            <param index="0">
              <value>
                <![CDATA["The user gets error message for password mismatch"]]>
              </value>
            </param>
            <param index="1">
              <value>
                <![CDATA["Validating Register page"]]>
              </value>
            </param>
          </params>
          <reporter-output>
          </reporter-output>
        </test-method> <!-- runScenario -->
        <test-method signature="runScenario(io.cucumber.testng.PickleWrapper,io.cucumber.testng.FeatureWrapper)[pri:0, instance:runner.TestRunner_TestNg@ba54932]" started-at="2024-02-15T14:14:00 PST" name="runScenario" description="Runs Cucumber Scenarios" data-provider="scenarios" finished-at="2024-02-15T14:14:00 PST" duration-ms="462" status="PASS">
          <params>
            <param index="0">
              <value>
                <![CDATA["The user gets error message for password with characters less than eight"]]>
              </value>
            </param>
            <param index="1">
              <value>
                <![CDATA["Validating Register page"]]>
              </value>
            </param>
          </params>
          <reporter-output>
          </reporter-output>
        </test-method> <!-- runScenario -->
        <test-method signature="runScenario(io.cucumber.testng.PickleWrapper,io.cucumber.testng.FeatureWrapper)[pri:0, instance:runner.TestRunner_TestNg@ba54932]" started-at="2024-02-15T14:14:00 PST" name="runScenario" description="Runs Cucumber Scenarios" data-provider="scenarios" finished-at="2024-02-15T14:14:01 PST" duration-ms="486" status="PASS">
          <params>
            <param index="0">
              <value>
                <![CDATA["The user gets error message for password with only numbers"]]>
              </value>
            </param>
            <param index="1">
              <value>
                <![CDATA["Validating Register page"]]>
              </value>
            </param>
          </params>
          <reporter-output>
          </reporter-output>
        </test-method> <!-- runScenario -->
        <test-method signature="runScenario(io.cucumber.testng.PickleWrapper,io.cucumber.testng.FeatureWrapper)[pri:0, instance:runner.TestRunner_TestNg@ba54932]" started-at="2024-02-15T14:14:01 PST" name="runScenario" description="Runs Cucumber Scenarios" data-provider="scenarios" finished-at="2024-02-15T14:14:01 PST" duration-ms="483" status="PASS">
          <params>
            <param index="0">
              <value>
                <![CDATA["The user gets error message for password too similar to your other personal information"]]>
              </value>
            </param>
            <param index="1">
              <value>
                <![CDATA["Validating Register page"]]>
              </value>
            </param>
          </params>
          <reporter-output>
          </reporter-output>
        </test-method> <!-- runScenario -->
        <test-method signature="runScenario(io.cucumber.testng.PickleWrapper,io.cucumber.testng.FeatureWrapper)[pri:0, instance:runner.TestRunner_TestNg@ba54932]" started-at="2024-02-15T14:14:01 PST" name="runScenario" description="Runs Cucumber Scenarios" data-provider="scenarios" finished-at="2024-02-15T14:14:02 PST" duration-ms="484" status="PASS">
          <params>
            <param index="0">
              <value>
                <![CDATA["The user gets error message for commonly used password"]]>
              </value>
            </param>
            <param index="1">
              <value>
                <![CDATA["Validating Register page"]]>
              </value>
            </param>
          </params>
          <reporter-output>
          </reporter-output>
        </test-method> <!-- runScenario -->
        <test-method signature="runScenario(io.cucumber.testng.PickleWrapper,io.cucumber.testng.FeatureWrapper)[pri:0, instance:runner.TestRunner_TestNg@ba54932]" started-at="2024-02-15T14:14:02 PST" name="runScenario" description="Runs Cucumber Scenarios" data-provider="scenarios" finished-at="2024-02-15T14:14:02 PST" duration-ms="483" status="PASS">
          <params>
            <param index="0">
              <value>
                <![CDATA["The user redirected to Homepage with valid details"]]>
              </value>
            </param>
            <param index="1">
              <value>
                <![CDATA["Validating Register page"]]>
              </value>
            </param>
          </params>
          <reporter-output>
          </reporter-output>
        </test-method> <!-- runScenario -->
        <test-method signature="runScenario(io.cucumber.testng.PickleWrapper,io.cucumber.testng.FeatureWrapper)[pri:0, instance:runner.TestRunner_TestNg@ba54932]" started-at="2024-02-15T14:14:02 PST" name="runScenario" description="Runs Cucumber Scenarios" data-provider="scenarios" finished-at="2024-02-15T14:14:03 PST" duration-ms="658" status="FAIL">
          <params>
            <param index="0">
              <value>
                <![CDATA["The user gets error message for existing username"]]>
              </value>
            </param>
            <param index="1">
              <value>
                <![CDATA["Validating Register page"]]>
              </value>
            </param>
          </params>
          <exception class="java.lang.AssertionError">
            <message>
              <![CDATA[expected [Username already exists] but found [password_mismatch:The two password fields didn’t match.]]]>
            </message>
            <full-stacktrace>
              <![CDATA[java.lang.AssertionError: expected [Username already exists] but found [password_mismatch:The two password fields didn’t match.]
at org.testng.Assert.fail(Assert.java:111)
at org.testng.Assert.failNotEquals(Assert.java:1578)
at org.testng.Assert.assertEqualsImpl(Assert.java:150)
at org.testng.Assert.assertEquals(Assert.java:132)
at org.testng.Assert.assertEquals(Assert.java:656)
at org.testng.Assert.assertEquals(Assert.java:666)
at stepdefinition.RegisterPageSteps.it_should_display_error_message_as(RegisterPageSteps.java:182)
at ✽.It should display error message as "Username already exists"(file:///C:/Users/balbi/git/NumpyNinjaDSAlgo/src/test/resources/features/Register.feature:94)
]]>
            </full-stacktrace>
          </exception> <!-- java.lang.AssertionError -->
          <reporter-output>
          </reporter-output>
        </test-method> <!-- runScenario -->
        <test-method is-config="true" signature="tearDownClass()[pri:0, instance:runner.TestRunner_TestNg@ba54932]" started-at="2024-02-15T14:14:03 PST" name="tearDownClass" finished-at="2024-02-15T14:14:06 PST" duration-ms="2656" status="PASS">
          <reporter-output>
          </reporter-output>
        </test-method> <!-- tearDownClass -->
      </class> <!-- runner.TestRunner_TestNg -->
    </test> <!-- Default test -->
  </suite> <!-- Default suite -->
</testng-results>
